<?xml version="1.0" encoding="UTF-8"?>
<!-- Generated by org.testng.reporters.JUnitReportReporter -->
<testsuite skipped="0" hostname="USHYDNEMOHANTY1" name="com.deloitte.au.premiercabs.testcases.TC_ValidatePremierCabs_01" tests="1" failures="0" timestamp="2020-08-05T20:38:58 IST" time="24.094" errors="0">
  <testcase name="validatePremierCabs" time="24.094" classname="com.deloitte.au.premiercabs.testcases.TC_ValidatePremierCabs_01"/>
  <system-out/>
</testsuite> <!-- com.deloitte.au.premiercabs.testcases.TC_ValidatePremierCabs_01 -->
