<?xml version="1.0" encoding="UTF-8"?>
<!-- Generated by org.testng.reporters.JUnitReportReporter -->
<testsuite skipped="0" hostname="USHYDNEMOHANTY1" name="com.deloitte.au.premiercabs.testcases.TC_ValidateDriverPortalLogin_02" tests="1" failures="0" timestamp="2020-08-05T20:38:58 IST" time="15.001" errors="0">
  <testcase name="validateDriverPortalLogin" time="15.001" classname="com.deloitte.au.premiercabs.testcases.TC_ValidateDriverPortalLogin_02"/>
  <system-out/>
</testsuite> <!-- com.deloitte.au.premiercabs.testcases.TC_ValidateDriverPortalLogin_02 -->
